{
  "numFailedTestSuites": 0,
  "numFailedTests": 0,
  "numPassedTestSuites": 1,
  "numPassedTests": 1,
  "numPendingTestSuites": 0,
  "numPendingTests": 0,
  "numRuntimeErrorTestSuites": 0,
  "numTodoTests": 0,
  "numTotalTestSuites": 1,
  "numTotalTests": 1,
  "openHandles": [],
  "snapshot": {
    "added": 0,
    "didUpdate": false,
    "failure": false,
    "filesAdded": 0,
    "filesRemoved": 0,
    "filesRemovedList": [],
    "filesUnmatched": 0,
    "filesUpdated": 0,
    "matched": 0,
    "total": 0,
    "unchecked": 0,
    "uncheckedKeysByFile": [],
    "unmatched": 0,
    "updated": 0
  },
  "startTime": 1608140718013,
  "success": false,
  "testResults": [
    {
      "leaks": false,
      "numFailingTests": 0,
      "numPassingTests": 1,
      "numPendingTests": 0,
      "numTodoTests": 0,
      "openHandles": [],
      "perfStats": {
        "end": 1608140721859,
        "runtime": 3687,
        "slow": false,
        "start": 1608140718172
      },
      "skipped": false,
      "snapshot": {
        "added": 0,
        "fileDeleted": false,
        "matched": 0,
        "unchecked": 0,
        "unmatched": 0,
        "updated": 0,
        "uncheckedKeys": []
      },
      "testFilePath": "/Users/valeriiaiuzhakova/otus/jestTemplate/specs/pattern.spec.js",
      "testResults": [
        {
          "ancestorTitles": [],
          "duration": 347,
          "failureDetails": [],
          "failureMessages": [],
          "fullName": "Provider demo",
          "location": null,
          "numPassingAsserts": 0,
          "status": "passed",
          "title": "Provider demo"
        }
      ],
      "failureMessage": null
    }
  ],
  "wasInterrupted": false,
  "config": {
    "bail": 0,
    "changedFilesWithAncestor": false,
    "collectCoverage": false,
    "collectCoverageFrom": [],
    "coverageDirectory": "/Users/valeriiaiuzhakova/otus/jestTemplate/coverage",
    "coverageProvider": "babel",
    "coverageReporters": [
      "json",
      "text",
      "lcov",
      "clover"
    ],
    "detectLeaks": false,
    "detectOpenHandles": false,
    "errorOnDeprecated": false,
    "expand": false,
    "findRelatedTests": false,
    "forceExit": false,
    "json": false,
    "lastCommit": false,
    "listTests": false,
    "logHeapUsage": false,
    "maxConcurrency": 5,
    "maxWorkers": 7,
    "noStackTrace": false,
    "nonFlagArgs": [],
    "notify": false,
    "notifyMode": "failure-change",
    "onlyChanged": false,
    "onlyFailures": false,
    "passWithNoTests": false,
    "projects": [],
    "reporters": [
      [
        "default",
        {}
      ],
      [
        "/Users/valeriiaiuzhakova/otus/jestTemplate/node_modules/jest-html-reporters/index.js",
        {}
      ],
      [
        "/Users/valeriiaiuzhakova/otus/jestTemplate/node_modules/jest-stare/lib/index.js",
        {}
      ]
    ],
    "rootDir": "/Users/valeriiaiuzhakova/otus/jestTemplate",
    "runTestsByPath": false,
    "skipFilter": false,
    "testFailureExitCode": 1,
    "testPathPattern": "",
    "testSequencer": "/Users/valeriiaiuzhakova/otus/jestTemplate/node_modules/@jest/test-sequencer/build/index.js",
    "testTimeout": 50000,
    "updateSnapshot": "new",
    "useStderr": false,
    "verbose": true,
    "watch": false,
    "watchAll": false,
    "watchman": true
  },
  "endTime": 1608140721891,
  "_reporterOptions": {
    "publicPath": "/Users/valeriiaiuzhakova/otus/jestTemplate",
    "filename": "jest_html_reporters.html",
    "expand": false,
    "pageTitle": "",
    "hideIcon": false,
    "testCommand": "npx jest",
    "multipleReportsUnitePath": ""
  },
  "attachInfos": {}
}